<?xml version='1.0' encoding='UTF-8'?>
<testsuite hostname="DESKTOP-TVC3LIL" name="CubeCalculatorTest" tests="1" errors="0" failures="0" skipped="0" time="0.024" timestamp="2020-06-11T19:56:59">
                     <properties>
[...]
</properties>
                     <testcase classname="CubeCalculatorTest" name="cube" time="0.024">
                                                 
                                               </testcase>
                     <system-out><![CDATA[]]></system-out>
                     <system-err><![CDATA[]]></system-err>
                   </testsuite>